<?xml version="1.0" encoding="UTF-8"?>
<testsuite xmlns:xsi="http://www.w3.org/2001/XMLSchema-instance" xsi:schemaLocation="https://maven.apache.org/surefire/maven-surefire-plugin/xsd/surefire-test-report.xsd" name="TestSuite" time="105.634" tests="22" errors="0" skipped="0" failures="0">
  <properties>
[...]
</properties>
  <testcase name="ab" classname="TestLayer.RegisterPageTest" time="0.105"/>
  <testcase name="ab1" classname="TestLayer.RegisterPageTest" time="0.001"/>
  <testcase name="p" classname="TestLayer.RegisterPageTest" time="0.001"/>
  <testcase name="p1" classname="TestLayer.RegisterPageTest" time="0.002"/>
  <testcase name="p2" classname="TestLayer.RegisterPageTest" time="0"/>
  <testcase name="tearDown1" classname="TestLayer.RegisterPageTest" time="0.001"/>
  <testcase name="tearDown2" classname="TestLayer.RegisterPageTest" time="0.002"/>
  <testcase name="tearDown3" classname="TestLayer.RegisterPageTest" time="0.001"/>
  <testcase name="validateRegisterFunctionality" classname="TestLayer.RegisterPageTest" time="10.164"/>
  <testcase name="abc" classname="TestLayer.RegisterSucessTest" time="0.001"/>
  <testcase name="abc10000" classname="TestLayer.RegisterSucessTest" time="0.001"/>
  <testcase name="p1" classname="TestLayer.RegisterSucessTest" time="0"/>
  <testcase name="p2" classname="TestLayer.RegisterSucessTest" time="0"/>
  <testcase name="p2900" classname="TestLayer.RegisterSucessTest" time="0.001"/>
  <testcase name="pqr" classname="TestLayer.RegisterSucessTest" time="0"/>
  <testcase name="pqr1" classname="TestLayer.RegisterSucessTest" time="0.001"/>
  <testcase name="pqr200" classname="TestLayer.RegisterSucessTest" time="0"/>
  <testcase name="xyz" classname="TestLayer.RegisterSucessTest" time="0.001"/>
  <testcase name="validateSucessPageUrl" classname="TestLayer.RegisterSucessTest" time="0.016"/>
  <testcase name="validateFirstName" classname="TestLayer.RegisterSucessTest" time="0.068"/>
  <testcase name="validateLastName" classname="TestLayer.RegisterSucessTest" time="0.053"/>
  <testcase name="validateEmailId" classname="TestLayer.RegisterSucessTest" time="0.13"/>
</testsuite>